app/build/outputs/mapping/release/seeds.txt
androidx.appcompat.widget.AppCompatImageView: void setImageDrawable(android.graphics.drawable.Drawable)
com.google.android.gms.signin.internal.zah: android.os.Parcelable$Creator CREATOR
androidx.appcompat.widget.AppCompatRadioButton: void setButtonDrawable(android.graphics.drawable.Drawable)
com.sadchonks.Application
androidx.lifecycle.Lifecycle$State: androidx.lifecycle.Lifecycle$State[] values()
androidx.appcompat.widget.AbsActionBarView: int getContentHeight()
androidx.appcompat.widget.AppCompatEditText: void setCustomSelectionActionModeCallback(android.view.ActionMode$Callback)
androidx.appcompat.widget.AppCompatEditText: android.view.textclassifier.TextClassifier getTextClassifier()
androidx.appcompat.widget.Toolbar: java.lang.CharSequence getTitle()
androidx.appcompat.view.menu.ListMenuItemView: android.view.LayoutInflater getInflater()
androidx.appcompat.widget.LinearLayoutCompat: void setGravity(int)
androidx.appcompat.widget.ActionBarContainer: void setStackedBackground(android.graphics.drawable.Drawable)
androidx.appcompat.widget.AppCompatSpinner: void setDropDownVerticalOffset(int)
androidx.appcompat.widget.ActionBarContainer: android.view.View getTabContainer()
androidx.appcompat.widget.AppCompatImageView: android.graphics.PorterDuff$Mode getSupportImageTintMode()
androidx.appcompat.widget.AppCompatSpinner: android.graphics.drawable.Drawable getPopupBackground()
androidx.appcompat.widget.ActionBarContextView
androidx.appcompat.widget.Toolbar: android.widget.TextView getSubtitleTextView()
androidx.core.widget.NestedScrollView: void setOnScrollChangeListener(androidx.core.widget.NestedScrollView$OnScrollChangeListener)
com.google.android.gms.internal.location.zzm: android.os.Parcelable$Creator CREATOR
androidx.appcompat.widget.SearchView: androidx.cursoradapter.widget.CursorAdapter getSuggestionsAdapter()
androidx.core.widget.NestedScrollView: int getScrollRange()
androidx.appcompat.widget.Toolbar: int getContentInsetStartWithNavigation()
android.support.v4.graphics.drawable.IconCompatParcelizer: void write(androidx.core.graphics.drawable.IconCompat,androidx.versionedparcelable.VersionedParcel)
androidx.vectordrawable.graphics.drawable.VectorDrawableCompat$VGroup: void setScaleX(float)
androidx.appcompat.widget.SearchView: void setQueryRefinementEnabled(boolean)
android.support.v4.app.RemoteActionCompatParcelizer
androidx.versionedparcelable.ParcelImpl: android.os.Parcelable$Creator CREATOR
androidx.appcompat.widget.AppCompatButton: void setSupportBackgroundTintMode(android.graphics.PorterDuff$Mode)
androidx.appcompat.view.menu.ActionMenuItemView: void setTitle(java.lang.CharSequence)
com.google.android.gms.common.api.GoogleApiActivity: GoogleApiActivity()
androidx.appcompat.widget.SearchView: void setIconified(boolean)
androidx.appcompat.view.menu.ListMenuItemView: void setTitle(java.lang.CharSequence)
androidx.vectordrawable.graphics.drawable.VectorDrawableCompat$VGroup: void setScaleY(float)
androidx.appcompat.widget.AppCompatImageView: void setImageResource(int)
androidx.appcompat.widget.ScrollingTabContainerView: void setAllowCollapse(boolean)
androidx.appcompat.widget.ActionMenuView: int getPopupTheme()
androidx.appcompat.widget.ActionBarOverlayLayout: java.lang.CharSequence getTitle()
androidx.appcompat.widget.ActionBarContainer: void setTabContainer(androidx.appcompat.widget.ScrollingTabContainerView)
androidx.appcompat.widget.AppCompatSpinner$SavedState: android.os.Parcelable$Creator CREATOR
androidx.appcompat.widget.Toolbar: void setLogoDescription(java.lang.CharSequence)
androidx.appcompat.widget.AppCompatRadioButton: void setButtonDrawable(int)
androidx.appcompat.widget.Toolbar: void setTitleMarginTop(int)
androidx.savedstate.SavedStateRegistry$1
androidx.appcompat.widget.ActionMenuView: void setOnMenuItemClickListener(androidx.appcompat.widget.ActionMenuView$OnMenuItemClickListener)
androidx.vectordrawable.graphics.drawable.VectorDrawableCompat$VPathRenderer: void setAlpha(float)