app/build/outputs/mapping/release/mapping.txt
# compiler: R8
# compiler_version: 2.1.86
# min_api: 19
# pg_map_id: c39c303
# common_typos_disable
...
androidx.browser.trusted.TrustedWebActivityServiceConnection$NotificationsEnabledArgs -> b.c.c.m$c:
    java.lang.String channelName -> a
    androidx.browser.trusted.TrustedWebActivityServiceConnection$NotificationsEnabledArgs fromBundle(android.os.Bundle) -> a
androidx.browser.trusted.TrustedWebActivityServiceConnection$NotifyNotificationArgs -> b.c.c.m$d:
    java.lang.String platformTag -> a
    android.app.Notification notification -> c
    int platformId -> b
    java.lang.String channelName -> d
    androidx.browser.trusted.TrustedWebActivityServiceConnection$NotifyNotificationArgs fromBundle(android.os.Bundle) -> a
androidx.browser.trusted.TrustedWebActivityServiceConnection$ResultArgs -> b.c.c.m$e:
    boolean success -> a
    android.os.Bundle toBundle() -> a
androidx.browser.trusted.sharing.ShareData -> b.c.c.n.a:
    java.util.List uris -> c
    java.lang.String title -> a
    java.lang.String text -> b
    android.os.Bundle toBundle() -> a
androidx.browser.trusted.sharing.ShareTarget -> b.c.c.n.b:
    androidx.browser.trusted.sharing.ShareTarget$Params params -> d
    java.lang.String action -> a
    java.lang.String encodingType -> c
    java.lang.String method -> b
    android.os.Bundle toBundle() -> a
androidx.browser.trusted.sharing.ShareTarget$FileFormField -> b.c.c.n.b$a:
    java.util.List acceptedTypes -> b
    java.lang.String name -> a
    android.os.Bundle toBundle() -> a
androidx.browser.trusted.sharing.ShareTarget$Params -> b.c.c.n.b$b:
    java.util.List files -> c
    java.lang.String title -> a
    java.lang.String text -> b
    android.os.Bundle toBundle() -> a
androidx.collection.ArrayMap -> b.d.a:
    androidx.collection.MapCollections mCollections -> i
    androidx.collection.MapCollections getCollection() -> m
    boolean retainAll(java.util.Collection) -> n
androidx.collection.ArrayMap$1 -> b.d.a$a:
    androidx.collection.ArrayMap this$0 -> d
    void colClear() -> a
    java.lang.Object colGetEntry(int,int) -> b
    java.util.Map colGetMap() -> c
    int colGetSize() -> d
    int colIndexOfKey(java.lang.Object) -> e
    int colIndexOfValue(java.lang.Object) -> f
    void colPut(java.lang.Object,java.lang.Object) -> g
    void colRemoveAt(int) -> h
    java.lang.Object colSetValue(int,java.lang.Object) -> i
androidx.collection.ArraySet -> b.d.b:
    int[] INT -> f
    androidx.collection.MapCollections mCollections -> e
    java.lang.Object[] mArray -> c
    int[] mHashes -> b
    int sTwiceBaseCacheSize -> k
    int sBaseCacheSize -> i
    java.lang.Object[] sTwiceBaseCache -> j
    int mSize -> d
    java.lang.Object[] sBaseCache -> h
    java.lang.Object[] OBJECT -> g
    void allocArrays(int) -> a
    void ensureCapacity(int) -> b
    void freeArrays(int[],java.lang.Object[],int) -> c
    androidx.collection.MapCollections getCollection() -> d
    int indexOf(java.lang.Object) -> e
    int indexOf(java.lang.Object,int) -> f
    int indexOfNull() -> g
    java.lang.Object removeAt(int) -> h
    java.lang.Object valueAt(int) -> i
androidx.collection.ArraySet$1 -> b.d.b$a:
    androidx.collection.ArraySet this$0 -> d
    void colClear() -> a
    java.lang.Object colGetEntry(int,int) -> b
    java.util.Map colGetMap() -> c
    int colGetSize() -> d
    int colIndexOfKey(java.lang.Object) -> e
    int colIndexOfValue(java.lang.Object) -> f
    void colPut(java.lang.Object,java.lang.Object) -> g
    void colRemoveAt(int) -> h
    java.lang.Object colSetValue(int,java.lang.Object) -> i
androidx.collection.ContainerHelpers -> b.d.c:
    java.lang.Object[] EMPTY_OBJECTS -> c
    long[] EMPTY_LONGS -> b
    int[] EMPTY_INTS -> a
    int binarySearch(int[],int,int) -> a
    int binarySearch(long[],int,long) -> b
    boolean equal(java.lang.Object,java.lang.Object) -> c
    int idealByteArraySize(int) -> d
    int idealIntArraySize(int) -> e
    int idealLongArraySize(int) -> f