app/build/outputs/mapping/release/usage.txt
androidx.viewpager.widget.PagerTitleStrip$PageListener
androidx.appcompat.app.ActionBar$DisplayOptions
com.google.android.gms.common.data.DataBufferSafeParcelable
com.google.android.gms.tasks.TaskExecutors$zza
androidx.appcompat.widget.ActionMenuPresenter$SavedState$1
androidx.vectordrawable.animated.R$integer
androidx.appcompat.widget.ActivityChooserModel$ActivityResolveInfo
com.google.android.gms.internal.location.zzs
androidx.browser.trusted.PackageIdentityUtils:
    private void <init>()
    private static final java.lang.String TAG
com.google.android.gms.dynamic.RemoteCreator
com.google.android.gms.common.internal.ClientSettings$Builder:
    public final com.google.android.gms.common.internal.ClientSettings$Builder addRequiredScope(com.google.android.gms.common.api.Scope)
    public final com.google.android.gms.common.internal.ClientSettings$Builder setOptionalApiSettingsMap(java.util.Map)
    public final com.google.android.gms.common.internal.ClientSettings$Builder setGravityForPopups(int)
    public final com.google.android.gms.common.internal.ClientSettings$Builder setViewForPopups(android.view.View)
    public final com.google.android.gms.common.internal.ClientSettings$Builder setSignInOptions(com.google.android.gms.signin.SignInOptions)
    public final com.google.android.gms.common.internal.ClientSettings$Builder enableSignInClientDisconnectFix()
com.google.android.gms.common.internal.SimpleClientAdapter:
    public void <init>(android.content.Context,android.os.Looper,int,com.google.android.gms.common.api.GoogleApiClient$ConnectionCallbacks,com.google.android.gms.common.api.GoogleApiClient$OnConnectionFailedListener,com.google.android.gms.common.internal.ClientSettings,com.google.android.gms.common.api.Api$SimpleClient)
com.google.android.gms.common.api.internal.GoogleServices
androidx.annotation.RequiresFeature
com.google.android.gms.base.R$string:
    private void <init>()
    public static final int common_signin_button_text
    public static final int common_signin_button_text_long
androidx.core.os.ParcelCompat
com.google.android.gms.common.server.response.zac
androidx.annotation.Px
androidx.customview.widget.ViewDragHelper$Callback
androidx.appcompat.widget.AppCompatImageButton:
    public void <init>(android.content.Context)
androidx.vectordrawable.R$color
androidx.core.R$id:
    private void <init>()
    public static final int action_container
    public static final int action_divider
    public static final int action_image
    public static final int action_text
    public static final int actions
    public static final int async
    public static final int blocking
    public static final int chronometer
    public static final int dialog_button
    public static final int forever
    public static final int icon
    public static final int icon_group
    public static final int info
    public static final int italic
    public static final int line1
    public static final int line3
    public static final int normal
    public static final int notification_background
    public static final int notification_main_column
    public static final int notification_main_column_container
    public static final int right_icon
    public static final int right_side
    public static final int text
    public static final int text2
    public static final int time
    public static final int title
com.google.android.gms.common.internal.safeparcel.SafeParcelable$VersionField
androidx.appcompat.text.AllCapsTransformationMethod
com.google.android.gms.common.internal.SignInButtonCreator
com.google.android.gms.internal.location.zzan
androidx.viewpager.widget.PagerTabStrip$1
androidx.core.provider.FontsContractCompat$4$8
com.google.android.gms.common.internal.zaj
androidx.core.content.PermissionChecker$PermissionResult